<?xml version="1.0" encoding="UTF-8"?>
<!-- Generated by org.testng.reporters.JUnitReportReporter -->
<testsuite hostname="DESKTOP-5T4ET5J" failures="0" tests="3" name="com.testdemo.com.Dataprovider" time="0.009" errors="0" timestamp="2021-11-01T10:04:27 IST" skipped="0">
  <testcase classname="com.testdemo.com.Dataprovider" name="userdetails" time="0.001"/>
  <system-out/>
  <testcase classname="com.testdemo.com.Dataprovider" name="userdetails" time="0.007"/>
  <system-out/>
  <testcase classname="com.testdemo.com.Dataprovider" name="userdetails" time="0.001"/>
  <system-out/>
</testsuite> <!-- com.testdemo.com.Dataprovider -->
