<?xml version="1.0" encoding="UTF-8"?>
<!-- Generated by org.testng.reporters.JUnitReportReporter -->
<testsuite hostname="DESKTOP-5T4ET5J" failures="0" tests="1" name="com.testdemo.com.Timeout" time="5.032" errors="0" timestamp="2021-11-01T10:05:37 IST" skipped="0">
  <testcase classname="com.testdemo.com.Timeout" name="wait1" time="5.032"/>
  <system-out/>
</testsuite> <!-- com.testdemo.com.Timeout -->
