<?xml version="1.0" encoding="UTF-8"?>
<!-- Generated by org.testng.reporters.JUnitReportReporter -->
<testsuite hostname="DESKTOP-5T4ET5J" failures="0" tests="1" name="com.testdemo.com.Parameter" time="0.008" errors="0" timestamp="2021-11-01T09:40:05 IST" skipped="0">
  <testcase classname="com.testdemo.com.Parameter" name="username" time="0.008"/>
  <system-out/>
</testsuite> <!-- com.testdemo.com.Parameter -->
