<?xml version="1.0" encoding="UTF-8"?>
<!-- Generated by org.testng.reporters.JUnitReportReporter -->
<testsuite hostname="DESKTOP-5T4ET5J" failures="0" tests="3" name="com.testdemo.com.STCM" time="0.013" errors="0" timestamp="2021-10-30T01:05:30 IST" skipped="0">
  <testcase classname="com.testdemo.com.STCM" name="pro" time="0.002"/>
  <system-out/>
  <testcase classname="com.testdemo.com.STCM" name="mini" time="0.004"/>
  <system-out/>
  <testcase classname="com.testdemo.com.STCM" name="max" time="0.007"/>
  <system-out/>
</testsuite> <!-- com.testdemo.com.STCM -->
