<?xml version="1.0" encoding="UTF-8"?>
<!-- Generated by org.testng.reporters.JUnitReportReporter -->
<testsuite hostname="DESKTOP-5T4ET5J" failures="0" tests="2" name="com.testdemo.com.Paralleltest" time="47.924" errors="0" timestamp="2021-10-31T08:39:45 IST" skipped="0">
  <testcase classname="com.testdemo.com.Paralleltest" name="flipkart" time="29.550"/>
  <system-out/>
  <testcase classname="com.testdemo.com.Paralleltest" name="amazon" time="18.374"/>
  <system-out/>
</testsuite> <!-- com.testdemo.com.Paralleltest -->
