<?xml version="1.0" encoding="UTF-8"?>
<!-- Generated by org.testng.reporters.JUnitReportReporter -->
<testsuite hostname="DESKTOP-5T4ET5J" failures="0" tests="3" name="com.testdemo.com.Grouping" time="0.013" errors="0" timestamp="2021-10-31T08:31:29 IST" skipped="0">
  <testcase classname="com.testdemo.com.Grouping" name="employee3" time="0.009"/>
  <system-out/>
  <testcase classname="com.testdemo.com.Grouping" name="employee4" time="0.002"/>
  <system-out/>
  <testcase classname="com.testdemo.com.Grouping" name="employee5" time="0.002"/>
  <system-out/>
</testsuite> <!-- com.testdemo.com.Grouping -->
