<?xml version="1.0" encoding="UTF-8"?>
<!-- Generated by org.testng.reporters.JUnitReportReporter -->
<testsuite hostname="DESKTOP-5T4ET5J" failures="0" tests="11" name="com.testdemo.com.TestNG_Demo" time="0.030" errors="0" timestamp="2021-10-28T01:43:59 IST" skipped="1">
  <testcase classname="com.testdemo.com.TestNG_Demo" name="testB" time="0.002"/>
  <system-out/>
  <testcase classname="com.testdemo.com.TestNG_Demo" name="testB" time="0.001"/>
  <system-out/>
  <testcase classname="com.testdemo.com.TestNG_Demo" name="testB" time="0.001"/>
  <system-out/>
  <testcase classname="com.testdemo.com.TestNG_Demo" name="testA" time="0.008"/>
  <system-out/>
  <testcase classname="com.testdemo.com.TestNG_Demo" name="testB" time="0.007"/>
  <system-out/>
  <testcase classname="com.testdemo.com.TestNG_Demo" name="testB" time="0.002"/>
  <system-out/>
  <testcase classname="com.testdemo.com.TestNG_Demo" name="testE" time="0.001"/>
  <system-out/>
  <testcase classname="com.testdemo.com.TestNG_Demo" name="testB" time="0.001"/>
  <system-out/>
  <testcase classname="com.testdemo.com.TestNG_Demo" name="testB" time="0.006"/>
  <system-out/>
  <testcase classname="com.testdemo.com.TestNG_Demo" name="testB" time="0.001"/>
  <system-out/>
  <testcase classname="com.testdemo.com.TestNG_Demo" name="testC">
    <skipped/>
  </testcase> <!-- testC -->
  <system-out/>
</testsuite> <!-- com.testdemo.com.TestNG_Demo -->
