<?xml version="1.0" encoding="UTF-8"?>
<!-- Generated by org.testng.reporters.JUnitReportReporter -->
<testsuite hostname="DESKTOP-5T4ET5J" failures="0" tests="7" name="com.testdemo.com.Priority" time="0.027" errors="0" timestamp="2021-10-30T01:49:11 IST" skipped="0">
  <testcase classname="com.testdemo.com.Priority" name="openfb" time="0.012"/>
  <system-out/>
  <testcase classname="com.testdemo.com.Priority" name="createid" time="0.005"/>
  <system-out/>
  <testcase classname="com.testdemo.com.Priority" name="username" time="0.003"/>
  <system-out/>
  <testcase classname="com.testdemo.com.Priority" name="passwored" time="0.001"/>
  <system-out/>
  <testcase classname="com.testdemo.com.Priority" name="signup" time="0.002"/>
  <system-out/>
  <testcase classname="com.testdemo.com.Priority" name="verifymail" time="0.002"/>
  <system-out/>
  <testcase classname="com.testdemo.com.Priority" name="signin" time="0.002"/>
  <system-out/>
</testsuite> <!-- com.testdemo.com.Priority -->
